2021-12-02 19:42:27,408 root - ERROR:single positional indexer is out-of-bounds
Traceback (most recent call last):
  File "main.py", line 42, in <module>
    last_num = dataframe['SN'].iloc[-1]
  File "C:\Users\amarendra singh\miniconda3\lib\site-packages\pandas\core\indexing.py", line 1768, in __getitem__
    return self._getitem_axis(maybe_callable, axis=axis)
  File "C:\Users\amarendra singh\miniconda3\lib\site-packages\pandas\core\indexing.py", line 2138, in _getitem_axis
    self._validate_integer(key, axis)
  File "C:\Users\amarendra singh\miniconda3\lib\site-packages\pandas\core\indexing.py", line 2063, in _validate_integer
    raise IndexError("single positional indexer is out-of-bounds")
IndexError: single positional indexer is out-of-bounds
2021-12-02 19:42:27,411 root - ERROR:single positional indexer is out-of-bounds
Traceback (most recent call last):
  File "main.py", line 48, in <module>
    last_cnum = dataframe['SN'].iloc[-1]
  File "C:\Users\amarendra singh\miniconda3\lib\site-packages\pandas\core\indexing.py", line 1768, in __getitem__
    return self._getitem_axis(maybe_callable, axis=axis)
  File "C:\Users\amarendra singh\miniconda3\lib\site-packages\pandas\core\indexing.py", line 2138, in _getitem_axis
    self._validate_integer(key, axis)
  File "C:\Users\amarendra singh\miniconda3\lib\site-packages\pandas\core\indexing.py", line 2063, in _validate_integer
    raise IndexError("single positional indexer is out-of-bounds")
IndexError: single positional indexer is out-of-bounds
2021-12-02 19:42:27,418 urllib3.connectionpool - DEBUG:Starting new HTTPS connection (1): ttblaze.iifl.com:443
2021-12-02 19:42:27,968 urllib3.connectionpool - DEBUG:https://ttblaze.iifl.com:443 "POST /apimarketdata/auth/login HTTP/1.1" 200 None
2021-12-02 19:42:27,973 urllib3.connectionpool - DEBUG:Starting new HTTPS connection (1): ttblaze.iifl.com:443
2021-12-02 19:42:28,103 urllib3.connectionpool - DEBUG:https://ttblaze.iifl.com:443 "POST /interactive/user/session HTTP/1.1" 200 None
2021-12-02 19:42:28,322 urllib3.connectionpool - DEBUG:Starting new HTTPS connection (1): ttblaze.iifl.com:443
2021-12-02 19:42:28,472 urllib3.connectionpool - DEBUG:https://ttblaze.iifl.com:443 "GET /apimarketdata/instruments/instrument/expiryDate?exchangeSegment=2&series=OPTIDX&symbol=NIFTY HTTP/1.1" 200 None
2021-12-02 19:42:56,819 urllib3.connectionpool - DEBUG:Starting new HTTPS connection (1): ttblaze.iifl.com:443
2021-12-02 19:42:56,991 urllib3.connectionpool - DEBUG:https://ttblaze.iifl.com:443 "GET /apimarketdata/instruments/instrument/optionSymbol?exchangeSegment=2&series=OPTIDX&symbol=NIFTY&expiryDate=02Dec2021&optionType=CE&strikePrice=18000 HTTP/1.1" 200 None
2021-12-02 19:42:56,991 urllib3.connectionpool - DEBUG:Starting new HTTPS connection (1): ttblaze.iifl.com:443
2021-12-02 19:42:57,210 urllib3.connectionpool - DEBUG:https://ttblaze.iifl.com:443 "POST /apimarketdata/instruments/quotes HTTP/1.1" 200 None
2021-12-02 19:43:03,156 urllib3.connectionpool - DEBUG:Starting new HTTPS connection (1): ttblaze.iifl.com:443
2021-12-02 19:43:03,500 urllib3.connectionpool - DEBUG:https://ttblaze.iifl.com:443 "GET /apimarketdata/instruments/instrument/optionSymbol?exchangeSegment=2&series=OPTIDX&symbol=NIFTY&expiryDate=09Dec2021&optionType=CE&strikePrice=18000 HTTP/1.1" 200 None
2021-12-02 19:43:03,500 urllib3.connectionpool - DEBUG:Starting new HTTPS connection (1): ttblaze.iifl.com:443
2021-12-02 19:43:03,672 urllib3.connectionpool - DEBUG:https://ttblaze.iifl.com:443 "POST /apimarketdata/instruments/quotes HTTP/1.1" 200 None
2021-12-02 19:43:05,484 urllib3.connectionpool - DEBUG:Starting new HTTPS connection (1): ttblaze.iifl.com:443
2021-12-02 19:43:05,672 urllib3.connectionpool - DEBUG:https://ttblaze.iifl.com:443 "GET /apimarketdata/instruments/instrument/optionSymbol?exchangeSegment=2&series=OPTIDX&symbol=NIFTY&expiryDate=09Dec2021&optionType=CE&strikePrice=18000 HTTP/1.1" 200 None
2021-12-02 19:43:05,687 urllib3.connectionpool - DEBUG:Starting new HTTPS connection (1): ttblaze.iifl.com:443
2021-12-02 19:43:05,687 urllib3.connectionpool - DEBUG:Starting new HTTPS connection (1): ttblaze.iifl.com:443
2021-12-02 19:43:05,702 urllib3.connectionpool - DEBUG:Starting new HTTPS connection (1): ttblaze.iifl.com:443
2021-12-02 19:43:05,702 urllib3.connectionpool - DEBUG:Starting new HTTPS connection (1): ttblaze.iifl.com:443
2021-12-02 19:43:05,828 urllib3.connectionpool - DEBUG:https://ttblaze.iifl.com:443 "GET /apimarketdata/instruments/instrument/optionSymbol?exchangeSegment=2&series=OPTIDX&symbol=NIFTY&expiryDate=09Dec2021&optionType=CE&strikePrice=18000 HTTP/1.1" 200 None
2021-12-02 19:43:05,843 urllib3.connectionpool - DEBUG:Starting new HTTPS connection (1): ttblaze.iifl.com:443
2021-12-02 19:43:05,890 urllib3.connectionpool - DEBUG:https://ttblaze.iifl.com:443 "GET /apimarketdata/instruments/instrument/optionSymbol?exchangeSegment=2&series=OPTIDX&symbol=NIFTY&expiryDate=09Dec2021&optionType=CE&strikePrice=18500 HTTP/1.1" 200 None
2021-12-02 19:43:05,906 urllib3.connectionpool - DEBUG:https://ttblaze.iifl.com:443 "GET /apimarketdata/instruments/instrument/optionSymbol?exchangeSegment=2&series=OPTIDX&symbol=NIFTY&expiryDate=09Dec2021&optionType=CE&strikePrice=18000 HTTP/1.1" 200 None
2021-12-02 19:43:05,906 urllib3.connectionpool - DEBUG:https://ttblaze.iifl.com:443 "GET /apimarketdata/instruments/instrument/optionSymbol?exchangeSegment=2&series=OPTIDX&symbol=NIFTY&expiryDate=09Dec2021&optionType=CE&strikePrice=18500 HTTP/1.1" 200 None
2021-12-02 19:43:05,906 urllib3.connectionpool - DEBUG:Starting new HTTPS connection (1): ttblaze.iifl.com:443
2021-12-02 19:43:05,937 urllib3.connectionpool - DEBUG:https://ttblaze.iifl.com:443 "POST /apimarketdata/instruments/quotes HTTP/1.1" 200 None
2021-12-02 19:43:06,015 urllib3.connectionpool - DEBUG:https://ttblaze.iifl.com:443 "POST /apimarketdata/instruments/quotes HTTP/1.1" 200 None
2021-12-02 19:43:10,914 urllib3.connectionpool - DEBUG:Starting new HTTPS connection (1): ttblaze.iifl.com:443
2021-12-02 19:43:10,914 urllib3.connectionpool - DEBUG:Starting new HTTPS connection (1): ttblaze.iifl.com:443
2021-12-02 19:43:10,945 urllib3.connectionpool - DEBUG:Starting new HTTPS connection (1): ttblaze.iifl.com:443
2021-12-02 19:43:11,039 urllib3.connectionpool - DEBUG:Starting new HTTPS connection (1): ttblaze.iifl.com:443
2021-12-02 19:43:11,054 urllib3.connectionpool - DEBUG:https://ttblaze.iifl.com:443 "GET /apimarketdata/instruments/instrument/optionSymbol?exchangeSegment=2&series=OPTIDX&symbol=NIFTY&expiryDate=09Dec2021&optionType=CE&strikePrice=18000 HTTP/1.1" 200 None
2021-12-02 19:43:11,070 urllib3.connectionpool - DEBUG:Starting new HTTPS connection (1): ttblaze.iifl.com:443
2021-12-02 19:43:11,101 urllib3.connectionpool - DEBUG:https://ttblaze.iifl.com:443 "GET /apimarketdata/instruments/instrument/optionSymbol?exchangeSegment=2&series=OPTIDX&symbol=NIFTY&expiryDate=09Dec2021&optionType=CE&strikePrice=18500 HTTP/1.1" 200 None
2021-12-02 19:43:11,101 urllib3.connectionpool - DEBUG:https://ttblaze.iifl.com:443 "GET /apimarketdata/instruments/instrument/optionSymbol?exchangeSegment=2&series=OPTIDX&symbol=NIFTY&expiryDate=09Dec2021&optionType=CE&strikePrice=18000 HTTP/1.1" 200 None
2021-12-02 19:43:11,148 urllib3.connectionpool - DEBUG:https://ttblaze.iifl.com:443 "POST /apimarketdata/instruments/quotes HTTP/1.1" 200 None
2021-12-02 19:43:11,226 urllib3.connectionpool - DEBUG:https://ttblaze.iifl.com:443 "GET /apimarketdata/instruments/instrument/optionSymbol?exchangeSegment=2&series=OPTIDX&symbol=NIFTY&expiryDate=09Dec2021&optionType=CE&strikePrice=18500 HTTP/1.1" 200 None
2021-12-02 19:43:11,226 urllib3.connectionpool - DEBUG:Starting new HTTPS connection (1): ttblaze.iifl.com:443
2021-12-02 19:43:11,400 urllib3.connectionpool - DEBUG:https://ttblaze.iifl.com:443 "POST /apimarketdata/instruments/quotes HTTP/1.1" 200 None
2021-12-02 19:43:16,107 urllib3.connectionpool - DEBUG:Starting new HTTPS connection (1): ttblaze.iifl.com:443
2021-12-02 19:43:16,123 urllib3.connectionpool - DEBUG:Starting new HTTPS connection (1): ttblaze.iifl.com:443
2021-12-02 19:43:16,169 urllib3.connectionpool - DEBUG:Starting new HTTPS connection (1): ttblaze.iifl.com:443
2021-12-02 19:43:16,232 urllib3.connectionpool - DEBUG:https://ttblaze.iifl.com:443 "GET /apimarketdata/instruments/instrument/optionSymbol?exchangeSegment=2&series=OPTIDX&symbol=NIFTY&expiryDate=09Dec2021&optionType=CE&strikePrice=18000 HTTP/1.1" 200 None
2021-12-02 19:43:16,263 urllib3.connectionpool - DEBUG:https://ttblaze.iifl.com:443 "GET /apimarketdata/instruments/instrument/optionSymbol?exchangeSegment=2&series=OPTIDX&symbol=NIFTY&expiryDate=09Dec2021&optionType=CE&strikePrice=18500 HTTP/1.1" 200 None
2021-12-02 19:43:16,279 urllib3.connectionpool - DEBUG:https://ttblaze.iifl.com:443 "GET /apimarketdata/instruments/instrument/optionSymbol?exchangeSegment=2&series=OPTIDX&symbol=NIFTY&expiryDate=09Dec2021&optionType=CE&strikePrice=18000 HTTP/1.1" 200 None
2021-12-02 19:43:16,294 urllib3.connectionpool - DEBUG:Starting new HTTPS connection (1): ttblaze.iifl.com:443
2021-12-02 19:43:16,420 urllib3.connectionpool - DEBUG:Starting new HTTPS connection (1): ttblaze.iifl.com:443
2021-12-02 19:43:16,420 urllib3.connectionpool - DEBUG:https://ttblaze.iifl.com:443 "POST /apimarketdata/instruments/quotes HTTP/1.1" 200 None
2021-12-02 19:43:16,545 urllib3.connectionpool - DEBUG:https://ttblaze.iifl.com:443 "GET /apimarketdata/instruments/instrument/optionSymbol?exchangeSegment=2&series=OPTIDX&symbol=NIFTY&expiryDate=09Dec2021&optionType=CE&strikePrice=18500 HTTP/1.1" 200 None
2021-12-02 19:43:16,560 urllib3.connectionpool - DEBUG:Starting new HTTPS connection (1): ttblaze.iifl.com:443
2021-12-02 19:43:16,716 urllib3.connectionpool - DEBUG:https://ttblaze.iifl.com:443 "POST /apimarketdata/instruments/quotes HTTP/1.1" 200 None
2021-12-02 19:43:21,249 urllib3.connectionpool - DEBUG:Starting new HTTPS connection (1): ttblaze.iifl.com:443
2021-12-02 19:43:21,280 urllib3.connectionpool - DEBUG:Starting new HTTPS connection (1): ttblaze.iifl.com:443
2021-12-02 19:43:21,405 urllib3.connectionpool - DEBUG:https://ttblaze.iifl.com:443 "GET /apimarketdata/instruments/instrument/optionSymbol?exchangeSegment=2&series=OPTIDX&symbol=NIFTY&expiryDate=09Dec2021&optionType=CE&strikePrice=18000 HTTP/1.1" 200 None
2021-12-02 19:43:21,421 urllib3.connectionpool - DEBUG:https://ttblaze.iifl.com:443 "GET /apimarketdata/instruments/instrument/optionSymbol?exchangeSegment=2&series=OPTIDX&symbol=NIFTY&expiryDate=09Dec2021&optionType=CE&strikePrice=18500 HTTP/1.1" 200 None
2021-12-02 19:43:21,436 urllib3.connectionpool - DEBUG:Starting new HTTPS connection (1): ttblaze.iifl.com:443
2021-12-02 19:43:21,593 urllib3.connectionpool - DEBUG:https://ttblaze.iifl.com:443 "GET /apimarketdata/instruments/instrument/optionSymbol?exchangeSegment=2&series=OPTIDX&symbol=NIFTY&expiryDate=09Dec2021&optionType=CE&strikePrice=18000 HTTP/1.1" 200 None
2021-12-02 19:43:21,593 urllib3.connectionpool - DEBUG:Starting new HTTPS connection (1): ttblaze.iifl.com:443
2021-12-02 19:43:21,733 urllib3.connectionpool - DEBUG:Starting new HTTPS connection (1): ttblaze.iifl.com:443
2021-12-02 19:43:21,733 urllib3.connectionpool - DEBUG:https://ttblaze.iifl.com:443 "POST /apimarketdata/instruments/quotes HTTP/1.1" 200 None
2021-12-02 19:43:21,848 urllib3.connectionpool - DEBUG:https://ttblaze.iifl.com:443 "GET /apimarketdata/instruments/instrument/optionSymbol?exchangeSegment=2&series=OPTIDX&symbol=NIFTY&expiryDate=09Dec2021&optionType=CE&strikePrice=18500 HTTP/1.1" 200 None
2021-12-02 19:43:21,853 urllib3.connectionpool - DEBUG:Starting new HTTPS connection (1): ttblaze.iifl.com:443
2021-12-02 19:43:21,962 urllib3.connectionpool - DEBUG:https://ttblaze.iifl.com:443 "POST /apimarketdata/instruments/quotes HTTP/1.1" 200 None
2021-12-02 19:43:26,433 urllib3.connectionpool - DEBUG:Starting new HTTPS connection (1): ttblaze.iifl.com:443
2021-12-02 19:43:26,448 urllib3.connectionpool - DEBUG:Starting new HTTPS connection (1): ttblaze.iifl.com:443
2021-12-02 19:43:26,550 urllib3.connectionpool - DEBUG:https://ttblaze.iifl.com:443 "GET /apimarketdata/instruments/instrument/optionSymbol?exchangeSegment=2&series=OPTIDX&symbol=NIFTY&expiryDate=09Dec2021&optionType=CE&strikePrice=18000 HTTP/1.1" 200 None
2021-12-02 19:43:26,571 urllib3.connectionpool - DEBUG:https://ttblaze.iifl.com:443 "GET /apimarketdata/instruments/instrument/optionSymbol?exchangeSegment=2&series=OPTIDX&symbol=NIFTY&expiryDate=09Dec2021&optionType=CE&strikePrice=18500 HTTP/1.1" 200 None
2021-12-02 19:43:26,759 urllib3.connectionpool - DEBUG:Starting new HTTPS connection (1): ttblaze.iifl.com:443
2021-12-02 19:43:26,923 urllib3.connectionpool - DEBUG:https://ttblaze.iifl.com:443 "GET /apimarketdata/instruments/instrument/optionSymbol?exchangeSegment=2&series=OPTIDX&symbol=NIFTY&expiryDate=09Dec2021&optionType=CE&strikePrice=18000 HTTP/1.1" 200 None
2021-12-02 19:43:26,928 urllib3.connectionpool - DEBUG:Starting new HTTPS connection (1): ttblaze.iifl.com:443
2021-12-02 19:43:26,978 urllib3.connectionpool - DEBUG:Starting new HTTPS connection (1): ttblaze.iifl.com:443
2021-12-02 19:43:27,075 urllib3.connectionpool - DEBUG:https://ttblaze.iifl.com:443 "POST /apimarketdata/instruments/quotes HTTP/1.1" 200 None
2021-12-02 19:43:27,105 urllib3.connectionpool - DEBUG:https://ttblaze.iifl.com:443 "GET /apimarketdata/instruments/instrument/optionSymbol?exchangeSegment=2&series=OPTIDX&symbol=NIFTY&expiryDate=09Dec2021&optionType=CE&strikePrice=18500 HTTP/1.1" 200 None
2021-12-02 19:43:27,110 urllib3.connectionpool - DEBUG:Starting new HTTPS connection (1): ttblaze.iifl.com:443
2021-12-02 19:43:27,235 urllib3.connectionpool - DEBUG:https://ttblaze.iifl.com:443 "POST /apimarketdata/instruments/quotes HTTP/1.1" 200 None
2021-12-02 19:43:31,569 urllib3.connectionpool - DEBUG:Starting new HTTPS connection (1): ttblaze.iifl.com:443
2021-12-02 19:43:31,584 urllib3.connectionpool - DEBUG:Starting new HTTPS connection (1): ttblaze.iifl.com:443
2021-12-02 19:43:31,714 urllib3.connectionpool - DEBUG:https://ttblaze.iifl.com:443 "GET /apimarketdata/instruments/instrument/optionSymbol?exchangeSegment=2&series=OPTIDX&symbol=NIFTY&expiryDate=09Dec2021&optionType=CE&strikePrice=18000 HTTP/1.1" 200 None
2021-12-02 19:43:31,748 urllib3.connectionpool - DEBUG:https://ttblaze.iifl.com:443 "GET /apimarketdata/instruments/instrument/optionSymbol?exchangeSegment=2&series=OPTIDX&symbol=NIFTY&expiryDate=09Dec2021&optionType=CE&strikePrice=18500 HTTP/1.1" 200 None
2021-12-02 19:43:32,086 urllib3.connectionpool - DEBUG:Starting new HTTPS connection (1): ttblaze.iifl.com:443
2021-12-02 19:43:32,231 urllib3.connectionpool - DEBUG:https://ttblaze.iifl.com:443 "GET /apimarketdata/instruments/instrument/optionSymbol?exchangeSegment=2&series=OPTIDX&symbol=NIFTY&expiryDate=09Dec2021&optionType=CE&strikePrice=18000 HTTP/1.1" 200 None
2021-12-02 19:43:32,235 urllib3.connectionpool - DEBUG:Starting new HTTPS connection (1): ttblaze.iifl.com:443
2021-12-02 19:43:32,243 urllib3.connectionpool - DEBUG:Starting new HTTPS connection (1): ttblaze.iifl.com:443
2021-12-02 19:43:32,356 urllib3.connectionpool - DEBUG:https://ttblaze.iifl.com:443 "GET /apimarketdata/instruments/instrument/optionSymbol?exchangeSegment=2&series=OPTIDX&symbol=NIFTY&expiryDate=09Dec2021&optionType=CE&strikePrice=18500 HTTP/1.1" 200 None
2021-12-02 19:43:32,360 urllib3.connectionpool - DEBUG:Starting new HTTPS connection (1): ttblaze.iifl.com:443
2021-12-02 19:43:32,393 urllib3.connectionpool - DEBUG:https://ttblaze.iifl.com:443 "POST /apimarketdata/instruments/quotes HTTP/1.1" 200 None
2021-12-02 19:43:32,476 urllib3.connectionpool - DEBUG:https://ttblaze.iifl.com:443 "POST /apimarketdata/instruments/quotes HTTP/1.1" 200 None
2021-12-02 19:43:36,721 urllib3.connectionpool - DEBUG:Starting new HTTPS connection (1): ttblaze.iifl.com:443
2021-12-02 19:43:36,752 urllib3.connectionpool - DEBUG:Starting new HTTPS connection (1): ttblaze.iifl.com:443
2021-12-02 19:43:36,831 urllib3.connectionpool - DEBUG:https://ttblaze.iifl.com:443 "GET /apimarketdata/instruments/instrument/optionSymbol?exchangeSegment=2&series=OPTIDX&symbol=NIFTY&expiryDate=09Dec2021&optionType=CE&strikePrice=18000 HTTP/1.1" 200 None
2021-12-02 19:43:36,862 urllib3.connectionpool - DEBUG:https://ttblaze.iifl.com:443 "GET /apimarketdata/instruments/instrument/optionSymbol?exchangeSegment=2&series=OPTIDX&symbol=NIFTY&expiryDate=09Dec2021&optionType=CE&strikePrice=18500 HTTP/1.1" 200 None
2021-12-02 19:43:37,409 urllib3.connectionpool - DEBUG:Starting new HTTPS connection (1): ttblaze.iifl.com:443
2021-12-02 19:43:37,487 urllib3.connectionpool - DEBUG:Starting new HTTPS connection (1): ttblaze.iifl.com:443
2021-12-02 19:43:37,564 urllib3.connectionpool - DEBUG:https://ttblaze.iifl.com:443 "GET /apimarketdata/instruments/instrument/optionSymbol?exchangeSegment=2&series=OPTIDX&symbol=NIFTY&expiryDate=09Dec2021&optionType=CE&strikePrice=18000 HTTP/1.1" 200 None
2021-12-02 19:43:37,583 urllib3.connectionpool - DEBUG:Starting new HTTPS connection (1): ttblaze.iifl.com:443
2021-12-02 19:43:37,623 urllib3.connectionpool - DEBUG:https://ttblaze.iifl.com:443 "GET /apimarketdata/instruments/instrument/optionSymbol?exchangeSegment=2&series=OPTIDX&symbol=NIFTY&expiryDate=09Dec2021&optionType=CE&strikePrice=18500 HTTP/1.1" 200 None
2021-12-02 19:43:37,623 urllib3.connectionpool - DEBUG:Starting new HTTPS connection (1): ttblaze.iifl.com:443
2021-12-02 19:43:37,702 urllib3.connectionpool - DEBUG:https://ttblaze.iifl.com:443 "POST /apimarketdata/instruments/quotes HTTP/1.1" 200 None
2021-12-02 19:43:37,780 urllib3.connectionpool - DEBUG:https://ttblaze.iifl.com:443 "POST /apimarketdata/instruments/quotes HTTP/1.1" 200 None
2021-12-02 19:43:41,853 urllib3.connectionpool - DEBUG:Starting new HTTPS connection (1): ttblaze.iifl.com:443
2021-12-02 19:43:41,884 urllib3.connectionpool - DEBUG:Starting new HTTPS connection (1): ttblaze.iifl.com:443
2021-12-02 19:43:42,114 urllib3.connectionpool - DEBUG:https://ttblaze.iifl.com:443 "GET /apimarketdata/instruments/instrument/optionSymbol?exchangeSegment=2&series=OPTIDX&symbol=NIFTY&expiryDate=09Dec2021&optionType=CE&strikePrice=18500 HTTP/1.1" 200 None
2021-12-02 19:43:42,230 urllib3.connectionpool - DEBUG:https://ttblaze.iifl.com:443 "GET /apimarketdata/instruments/instrument/optionSymbol?exchangeSegment=2&series=OPTIDX&symbol=NIFTY&expiryDate=09Dec2021&optionType=CE&strikePrice=18000 HTTP/1.1" 200 None
2021-12-02 19:43:42,714 urllib3.connectionpool - DEBUG:Starting new HTTPS connection (1): ttblaze.iifl.com:443
2021-12-02 19:43:42,807 urllib3.connectionpool - DEBUG:Starting new HTTPS connection (1): ttblaze.iifl.com:443
2021-12-02 19:43:42,851 urllib3.connectionpool - DEBUG:https://ttblaze.iifl.com:443 "GET /apimarketdata/instruments/instrument/optionSymbol?exchangeSegment=2&series=OPTIDX&symbol=NIFTY&expiryDate=09Dec2021&optionType=CE&strikePrice=18000 HTTP/1.1" 200 None
2021-12-02 19:43:42,855 urllib3.connectionpool - DEBUG:Starting new HTTPS connection (1): ttblaze.iifl.com:443
2021-12-02 19:43:42,938 urllib3.connectionpool - DEBUG:https://ttblaze.iifl.com:443 "GET /apimarketdata/instruments/instrument/optionSymbol?exchangeSegment=2&series=OPTIDX&symbol=NIFTY&expiryDate=09Dec2021&optionType=CE&strikePrice=18500 HTTP/1.1" 200 None
2021-12-02 19:43:42,943 urllib3.connectionpool - DEBUG:Starting new HTTPS connection (1): ttblaze.iifl.com:443
2021-12-02 19:43:42,984 urllib3.connectionpool - DEBUG:https://ttblaze.iifl.com:443 "POST /apimarketdata/instruments/quotes HTTP/1.1" 200 None
2021-12-02 19:43:43,066 urllib3.connectionpool - DEBUG:https://ttblaze.iifl.com:443 "POST /apimarketdata/instruments/quotes HTTP/1.1" 200 None
2021-12-02 19:43:47,122 urllib3.connectionpool - DEBUG:Starting new HTTPS connection (1): ttblaze.iifl.com:443
2021-12-02 19:43:47,247 urllib3.connectionpool - DEBUG:https://ttblaze.iifl.com:443 "GET /apimarketdata/instruments/instrument/optionSymbol?exchangeSegment=2&series=OPTIDX&symbol=NIFTY&expiryDate=09Dec2021&optionType=CE&strikePrice=18500 HTTP/1.1" 200 None
2021-12-02 19:43:47,247 urllib3.connectionpool - DEBUG:Starting new HTTPS connection (1): ttblaze.iifl.com:443
2021-12-02 19:43:47,419 urllib3.connectionpool - DEBUG:https://ttblaze.iifl.com:443 "GET /apimarketdata/instruments/instrument/optionSymbol?exchangeSegment=2&series=OPTIDX&symbol=NIFTY&expiryDate=09Dec2021&optionType=CE&strikePrice=18000 HTTP/1.1" 200 None
2021-12-02 19:43:47,992 urllib3.connectionpool - DEBUG:Starting new HTTPS connection (1): ttblaze.iifl.com:443
2021-12-02 19:43:48,086 urllib3.connectionpool - DEBUG:Starting new HTTPS connection (1): ttblaze.iifl.com:443
2021-12-02 19:43:48,148 urllib3.connectionpool - DEBUG:https://ttblaze.iifl.com:443 "GET /apimarketdata/instruments/instrument/optionSymbol?exchangeSegment=2&series=OPTIDX&symbol=NIFTY&expiryDate=09Dec2021&optionType=CE&strikePrice=18000 HTTP/1.1" 200 None
2021-12-02 19:43:48,148 urllib3.connectionpool - DEBUG:Starting new HTTPS connection (1): ttblaze.iifl.com:443
2021-12-02 19:43:48,227 urllib3.connectionpool - DEBUG:https://ttblaze.iifl.com:443 "GET /apimarketdata/instruments/instrument/optionSymbol?exchangeSegment=2&series=OPTIDX&symbol=NIFTY&expiryDate=09Dec2021&optionType=CE&strikePrice=18500 HTTP/1.1" 200 None
2021-12-02 19:43:48,242 urllib3.connectionpool - DEBUG:Starting new HTTPS connection (1): ttblaze.iifl.com:443
2021-12-02 19:43:48,242 urllib3.connectionpool - DEBUG:https://ttblaze.iifl.com:443 "POST /apimarketdata/instruments/quotes HTTP/1.1" 200 None
2021-12-02 19:43:48,383 urllib3.connectionpool - DEBUG:https://ttblaze.iifl.com:443 "POST /apimarketdata/instruments/quotes HTTP/1.1" 200 None
2021-12-02 19:43:52,260 urllib3.connectionpool - DEBUG:Starting new HTTPS connection (1): ttblaze.iifl.com:443
2021-12-02 19:43:52,409 urllib3.connectionpool - DEBUG:https://ttblaze.iifl.com:443 "GET /apimarketdata/instruments/instrument/optionSymbol?exchangeSegment=2&series=OPTIDX&symbol=NIFTY&expiryDate=09Dec2021&optionType=CE&strikePrice=18500 HTTP/1.1" 200 None
2021-12-02 19:43:52,441 urllib3.connectionpool - DEBUG:Starting new HTTPS connection (1): ttblaze.iifl.com:443
2021-12-02 19:43:52,597 urllib3.connectionpool - DEBUG:https://ttblaze.iifl.com:443 "GET /apimarketdata/instruments/instrument/optionSymbol?exchangeSegment=2&series=OPTIDX&symbol=NIFTY&expiryDate=09Dec2021&optionType=CE&strikePrice=18000 HTTP/1.1" 200 None
2021-12-02 19:43:53,305 urllib3.connectionpool - DEBUG:Starting new HTTPS connection (1): ttblaze.iifl.com:443
2021-12-02 19:43:53,397 urllib3.connectionpool - DEBUG:Starting new HTTPS connection (1): ttblaze.iifl.com:443
2021-12-02 19:43:53,648 urllib3.connectionpool - DEBUG:https://ttblaze.iifl.com:443 "GET /apimarketdata/instruments/instrument/optionSymbol?exchangeSegment=2&series=OPTIDX&symbol=NIFTY&expiryDate=09Dec2021&optionType=CE&strikePrice=18000 HTTP/1.1" 200 None
2021-12-02 19:43:53,648 urllib3.connectionpool - DEBUG:Starting new HTTPS connection (1): ttblaze.iifl.com:443
2021-12-02 19:43:53,757 urllib3.connectionpool - DEBUG:https://ttblaze.iifl.com:443 "GET /apimarketdata/instruments/instrument/optionSymbol?exchangeSegment=2&series=OPTIDX&symbol=NIFTY&expiryDate=09Dec2021&optionType=CE&strikePrice=18500 HTTP/1.1" 200 None
2021-12-02 19:43:53,757 urllib3.connectionpool - DEBUG:Starting new HTTPS connection (1): ttblaze.iifl.com:443
2021-12-02 19:43:54,179 urllib3.connectionpool - DEBUG:https://ttblaze.iifl.com:443 "POST /apimarketdata/instruments/quotes HTTP/1.1" 200 None
2021-12-02 19:43:54,211 urllib3.connectionpool - DEBUG:https://ttblaze.iifl.com:443 "POST /apimarketdata/instruments/quotes HTTP/1.1" 200 None
2021-12-02 19:43:57,426 urllib3.connectionpool - DEBUG:Starting new HTTPS connection (1): ttblaze.iifl.com:443
2021-12-02 19:43:57,551 urllib3.connectionpool - DEBUG:https://ttblaze.iifl.com:443 "GET /apimarketdata/instruments/instrument/optionSymbol?exchangeSegment=2&series=OPTIDX&symbol=NIFTY&expiryDate=09Dec2021&optionType=CE&strikePrice=18500 HTTP/1.1" 200 None
2021-12-02 19:43:57,613 urllib3.connectionpool - DEBUG:Starting new HTTPS connection (1): ttblaze.iifl.com:443
2021-12-02 19:43:57,770 urllib3.connectionpool - DEBUG:https://ttblaze.iifl.com:443 "GET /apimarketdata/instruments/instrument/optionSymbol?exchangeSegment=2&series=OPTIDX&symbol=NIFTY&expiryDate=09Dec2021&optionType=CE&strikePrice=18000 HTTP/1.1" 200 None
2021-12-02 19:43:59,207 urllib3.connectionpool - DEBUG:Starting new HTTPS connection (1): ttblaze.iifl.com:443
2021-12-02 19:43:59,238 urllib3.connectionpool - DEBUG:Starting new HTTPS connection (1): ttblaze.iifl.com:443
2021-12-02 19:43:59,348 urllib3.connectionpool - DEBUG:https://ttblaze.iifl.com:443 "GET /apimarketdata/instruments/instrument/optionSymbol?exchangeSegment=2&series=OPTIDX&symbol=NIFTY&expiryDate=09Dec2021&optionType=CE&strikePrice=18000 HTTP/1.1" 200 None
2021-12-02 19:43:59,348 urllib3.connectionpool - DEBUG:Starting new HTTPS connection (1): ttblaze.iifl.com:443
2021-12-02 19:43:59,364 urllib3.connectionpool - DEBUG:https://ttblaze.iifl.com:443 "GET /apimarketdata/instruments/instrument/optionSymbol?exchangeSegment=2&series=OPTIDX&symbol=NIFTY&expiryDate=09Dec2021&optionType=CE&strikePrice=18500 HTTP/1.1" 200 None
2021-12-02 19:43:59,379 urllib3.connectionpool - DEBUG:Starting new HTTPS connection (1): ttblaze.iifl.com:443
2021-12-02 19:43:59,457 urllib3.connectionpool - DEBUG:https://ttblaze.iifl.com:443 "POST /apimarketdata/instruments/quotes HTTP/1.1" 200 None
2021-12-02 19:43:59,504 urllib3.connectionpool - DEBUG:https://ttblaze.iifl.com:443 "POST /apimarketdata/instruments/quotes HTTP/1.1" 200 None
2021-12-02 19:44:02,575 urllib3.connectionpool - DEBUG:Starting new HTTPS connection (1): ttblaze.iifl.com:443
2021-12-02 19:44:02,732 urllib3.connectionpool - DEBUG:https://ttblaze.iifl.com:443 "GET /apimarketdata/instruments/instrument/optionSymbol?exchangeSegment=2&series=OPTIDX&symbol=NIFTY&expiryDate=09Dec2021&optionType=CE&strikePrice=18500 HTTP/1.1" 200 None
2021-12-02 19:44:02,794 urllib3.connectionpool - DEBUG:Starting new HTTPS connection (1): ttblaze.iifl.com:443
2021-12-02 19:44:02,966 urllib3.connectionpool - DEBUG:https://ttblaze.iifl.com:443 "GET /apimarketdata/instruments/instrument/optionSymbol?exchangeSegment=2&series=OPTIDX&symbol=NIFTY&expiryDate=09Dec2021&optionType=CE&strikePrice=18000 HTTP/1.1" 200 None
2021-12-02 19:44:04,490 urllib3.connectionpool - DEBUG:Starting new HTTPS connection (1): ttblaze.iifl.com:443
2021-12-02 19:44:04,521 urllib3.connectionpool - DEBUG:Starting new HTTPS connection (1): ttblaze.iifl.com:443
2021-12-02 19:44:04,599 urllib3.connectionpool - DEBUG:https://ttblaze.iifl.com:443 "GET /apimarketdata/instruments/instrument/optionSymbol?exchangeSegment=2&series=OPTIDX&symbol=NIFTY&expiryDate=09Dec2021&optionType=CE&strikePrice=18000 HTTP/1.1" 200 None
2021-12-02 19:44:04,599 urllib3.connectionpool - DEBUG:Starting new HTTPS connection (1): ttblaze.iifl.com:443
2021-12-02 19:44:04,646 urllib3.connectionpool - DEBUG:https://ttblaze.iifl.com:443 "GET /apimarketdata/instruments/instrument/optionSymbol?exchangeSegment=2&series=OPTIDX&symbol=NIFTY&expiryDate=09Dec2021&optionType=CE&strikePrice=18500 HTTP/1.1" 200 None
2021-12-02 19:44:04,646 urllib3.connectionpool - DEBUG:Starting new HTTPS connection (1): ttblaze.iifl.com:443
2021-12-02 19:44:04,755 urllib3.connectionpool - DEBUG:https://ttblaze.iifl.com:443 "POST /apimarketdata/instruments/quotes HTTP/1.1" 200 None
2021-12-02 19:44:04,771 urllib3.connectionpool - DEBUG:https://ttblaze.iifl.com:443 "POST /apimarketdata/instruments/quotes HTTP/1.1" 200 None
2021-12-02 19:44:07,762 urllib3.connectionpool - DEBUG:Starting new HTTPS connection (1): ttblaze.iifl.com:443
2021-12-02 19:44:07,928 urllib3.connectionpool - DEBUG:https://ttblaze.iifl.com:443 "GET /apimarketdata/instruments/instrument/optionSymbol?exchangeSegment=2&series=OPTIDX&symbol=NIFTY&expiryDate=09Dec2021&optionType=CE&strikePrice=18500 HTTP/1.1" 200 None
2021-12-02 19:44:07,979 urllib3.connectionpool - DEBUG:Starting new HTTPS connection (1): ttblaze.iifl.com:443
2021-12-02 19:44:08,105 urllib3.connectionpool - DEBUG:https://ttblaze.iifl.com:443 "GET /apimarketdata/instruments/instrument/optionSymbol?exchangeSegment=2&series=OPTIDX&symbol=NIFTY&expiryDate=09Dec2021&optionType=CE&strikePrice=18000 HTTP/1.1" 200 None
2021-12-02 19:44:09,761 urllib3.connectionpool - DEBUG:Starting new HTTPS connection (1): ttblaze.iifl.com:443
2021-12-02 19:44:09,777 urllib3.connectionpool - DEBUG:Starting new HTTPS connection (1): ttblaze.iifl.com:443
2021-12-02 19:44:10,053 urllib3.connectionpool - DEBUG:https://ttblaze.iifl.com:443 "GET /apimarketdata/instruments/instrument/optionSymbol?exchangeSegment=2&series=OPTIDX&symbol=NIFTY&expiryDate=09Dec2021&optionType=CE&strikePrice=18000 HTTP/1.1" 200 None
2021-12-02 19:44:10,053 urllib3.connectionpool - DEBUG:Starting new HTTPS connection (1): ttblaze.iifl.com:443
2021-12-02 19:44:10,069 urllib3.connectionpool - DEBUG:https://ttblaze.iifl.com:443 "GET /apimarketdata/instruments/instrument/optionSymbol?exchangeSegment=2&series=OPTIDX&symbol=NIFTY&expiryDate=09Dec2021&optionType=CE&strikePrice=18500 HTTP/1.1" 200 None
2021-12-02 19:44:10,069 urllib3.connectionpool - DEBUG:Starting new HTTPS connection (1): ttblaze.iifl.com:443
2021-12-02 19:44:10,397 urllib3.connectionpool - DEBUG:https://ttblaze.iifl.com:443 "POST /apimarketdata/instruments/quotes HTTP/1.1" 200 None
2021-12-02 19:44:10,412 urllib3.connectionpool - DEBUG:https://ttblaze.iifl.com:443 "POST /apimarketdata/instruments/quotes HTTP/1.1" 200 None
2021-12-02 19:44:12,944 urllib3.connectionpool - DEBUG:Starting new HTTPS connection (1): ttblaze.iifl.com:443
2021-12-02 19:44:13,100 urllib3.connectionpool - DEBUG:https://ttblaze.iifl.com:443 "GET /apimarketdata/instruments/instrument/optionSymbol?exchangeSegment=2&series=OPTIDX&symbol=NIFTY&expiryDate=09Dec2021&optionType=CE&strikePrice=18500 HTTP/1.1" 200 None
2021-12-02 19:44:13,116 urllib3.connectionpool - DEBUG:Starting new HTTPS connection (1): ttblaze.iifl.com:443
2021-12-02 19:44:13,256 urllib3.connectionpool - DEBUG:https://ttblaze.iifl.com:443 "GET /apimarketdata/instruments/instrument/optionSymbol?exchangeSegment=2&series=OPTIDX&symbol=NIFTY&expiryDate=09Dec2021&optionType=CE&strikePrice=18000 HTTP/1.1" 200 None
2021-12-02 19:44:15,428 urllib3.connectionpool - DEBUG:Starting new HTTPS connection (1): ttblaze.iifl.com:443
2021-12-02 19:44:15,444 urllib3.connectionpool - DEBUG:Starting new HTTPS connection (1): ttblaze.iifl.com:443
2021-12-02 19:44:15,553 urllib3.connectionpool - DEBUG:https://ttblaze.iifl.com:443 "GET /apimarketdata/instruments/instrument/optionSymbol?exchangeSegment=2&series=OPTIDX&symbol=NIFTY&expiryDate=09Dec2021&optionType=CE&strikePrice=18000 HTTP/1.1" 200 None
2021-12-02 19:44:15,553 urllib3.connectionpool - DEBUG:Starting new HTTPS connection (1): ttblaze.iifl.com:443
2021-12-02 19:44:15,600 urllib3.connectionpool - DEBUG:https://ttblaze.iifl.com:443 "GET /apimarketdata/instruments/instrument/optionSymbol?exchangeSegment=2&series=OPTIDX&symbol=NIFTY&expiryDate=09Dec2021&optionType=CE&strikePrice=18500 HTTP/1.1" 200 None
2021-12-02 19:44:15,600 urllib3.connectionpool - DEBUG:Starting new HTTPS connection (1): ttblaze.iifl.com:443
2021-12-02 19:44:15,678 urllib3.connectionpool - DEBUG:https://ttblaze.iifl.com:443 "POST /apimarketdata/instruments/quotes HTTP/1.1" 200 None
2021-12-02 19:44:15,694 urllib3.connectionpool - DEBUG:https://ttblaze.iifl.com:443 "POST /apimarketdata/instruments/quotes HTTP/1.1" 200 None
2021-12-02 19:44:18,112 urllib3.connectionpool - DEBUG:Starting new HTTPS connection (1): ttblaze.iifl.com:443
2021-12-02 19:44:18,284 urllib3.connectionpool - DEBUG:Starting new HTTPS connection (1): ttblaze.iifl.com:443
2021-12-02 19:44:18,284 urllib3.connectionpool - DEBUG:https://ttblaze.iifl.com:443 "GET /apimarketdata/instruments/instrument/optionSymbol?exchangeSegment=2&series=OPTIDX&symbol=NIFTY&expiryDate=09Dec2021&optionType=CE&strikePrice=18500 HTTP/1.1" 200 None
2021-12-02 19:44:18,472 urllib3.connectionpool - DEBUG:https://ttblaze.iifl.com:443 "GET /apimarketdata/instruments/instrument/optionSymbol?exchangeSegment=2&series=OPTIDX&symbol=NIFTY&expiryDate=09Dec2021&optionType=CE&strikePrice=18000 HTTP/1.1" 200 None
2021-12-02 19:44:20,690 urllib3.connectionpool - DEBUG:Starting new HTTPS connection (1): ttblaze.iifl.com:443
2021-12-02 19:44:20,706 urllib3.connectionpool - DEBUG:Starting new HTTPS connection (1): ttblaze.iifl.com:443
2021-12-02 19:44:21,206 urllib3.connectionpool - DEBUG:https://ttblaze.iifl.com:443 "GET /apimarketdata/instruments/instrument/optionSymbol?exchangeSegment=2&series=OPTIDX&symbol=NIFTY&expiryDate=09Dec2021&optionType=CE&strikePrice=18500 HTTP/1.1" 200 None
2021-12-02 19:44:21,206 urllib3.connectionpool - DEBUG:https://ttblaze.iifl.com:443 "GET /apimarketdata/instruments/instrument/optionSymbol?exchangeSegment=2&series=OPTIDX&symbol=NIFTY&expiryDate=09Dec2021&optionType=CE&strikePrice=18000 HTTP/1.1" 200 None
2021-12-02 19:44:21,206 urllib3.connectionpool - DEBUG:Starting new HTTPS connection (1): ttblaze.iifl.com:443
2021-12-02 19:44:21,206 urllib3.connectionpool - DEBUG:Starting new HTTPS connection (1): ttblaze.iifl.com:443
2021-12-02 19:44:21,659 urllib3.connectionpool - DEBUG:https://ttblaze.iifl.com:443 "POST /apimarketdata/instruments/quotes HTTP/1.1" 200 None
2021-12-02 19:44:21,659 urllib3.connectionpool - DEBUG:https://ttblaze.iifl.com:443 "POST /apimarketdata/instruments/quotes HTTP/1.1" 200 None
2021-12-02 19:44:23,302 urllib3.connectionpool - DEBUG:Starting new HTTPS connection (1): ttblaze.iifl.com:443
2021-12-02 19:44:23,490 urllib3.connectionpool - DEBUG:Starting new HTTPS connection (1): ttblaze.iifl.com:443
2021-12-02 19:44:23,490 urllib3.connectionpool - DEBUG:https://ttblaze.iifl.com:443 "GET /apimarketdata/instruments/instrument/optionSymbol?exchangeSegment=2&series=OPTIDX&symbol=NIFTY&expiryDate=09Dec2021&optionType=CE&strikePrice=18500 HTTP/1.1" 200 None
2021-12-02 19:44:23,630 urllib3.connectionpool - DEBUG:https://ttblaze.iifl.com:443 "GET /apimarketdata/instruments/instrument/optionSymbol?exchangeSegment=2&series=OPTIDX&symbol=NIFTY&expiryDate=09Dec2021&optionType=CE&strikePrice=18000 HTTP/1.1" 200 None
2021-12-02 19:44:26,682 urllib3.connectionpool - DEBUG:Starting new HTTPS connection (1): ttblaze.iifl.com:443
2021-12-02 19:44:26,682 urllib3.connectionpool - DEBUG:Starting new HTTPS connection (1): ttblaze.iifl.com:443
2021-12-02 19:44:26,921 urllib3.connectionpool - DEBUG:https://ttblaze.iifl.com:443 "GET /apimarketdata/instruments/instrument/optionSymbol?exchangeSegment=2&series=OPTIDX&symbol=NIFTY&expiryDate=09Dec2021&optionType=CE&strikePrice=18000 HTTP/1.1" 200 None
2021-12-02 19:44:26,921 urllib3.connectionpool - DEBUG:Starting new HTTPS connection (1): ttblaze.iifl.com:443
2021-12-02 19:44:26,952 urllib3.connectionpool - DEBUG:https://ttblaze.iifl.com:443 "GET /apimarketdata/instruments/instrument/optionSymbol?exchangeSegment=2&series=OPTIDX&symbol=NIFTY&expiryDate=09Dec2021&optionType=CE&strikePrice=18500 HTTP/1.1" 200 None
2021-12-02 19:44:26,967 urllib3.connectionpool - DEBUG:Starting new HTTPS connection (1): ttblaze.iifl.com:443
2021-12-02 19:44:27,077 urllib3.connectionpool - DEBUG:https://ttblaze.iifl.com:443 "POST /apimarketdata/instruments/quotes HTTP/1.1" 200 None
2021-12-02 19:44:27,077 urllib3.connectionpool - DEBUG:https://ttblaze.iifl.com:443 "POST /apimarketdata/instruments/quotes HTTP/1.1" 200 None
2021-12-02 19:44:28,516 urllib3.connectionpool - DEBUG:Starting new HTTPS connection (1): ttblaze.iifl.com:443
2021-12-02 19:44:28,657 urllib3.connectionpool - DEBUG:Starting new HTTPS connection (1): ttblaze.iifl.com:443
2021-12-02 19:44:28,681 urllib3.connectionpool - DEBUG:https://ttblaze.iifl.com:443 "GET /apimarketdata/instruments/instrument/optionSymbol?exchangeSegment=2&series=OPTIDX&symbol=NIFTY&expiryDate=09Dec2021&optionType=CE&strikePrice=18500 HTTP/1.1" 200 None
2021-12-02 19:44:28,812 urllib3.connectionpool - DEBUG:https://ttblaze.iifl.com:443 "GET /apimarketdata/instruments/instrument/optionSymbol?exchangeSegment=2&series=OPTIDX&symbol=NIFTY&expiryDate=09Dec2021&optionType=CE&strikePrice=18000 HTTP/1.1" 200 None
2021-12-02 19:44:32,089 urllib3.connectionpool - DEBUG:Starting new HTTPS connection (1): ttblaze.iifl.com:443
2021-12-02 19:44:32,089 urllib3.connectionpool - DEBUG:Starting new HTTPS connection (1): ttblaze.iifl.com:443
2021-12-02 19:44:32,219 urllib3.connectionpool - DEBUG:https://ttblaze.iifl.com:443 "GET /apimarketdata/instruments/instrument/optionSymbol?exchangeSegment=2&series=OPTIDX&symbol=NIFTY&expiryDate=09Dec2021&optionType=CE&strikePrice=18500 HTTP/1.1" 200 None
2021-12-02 19:44:32,223 urllib3.connectionpool - DEBUG:Starting new HTTPS connection (1): ttblaze.iifl.com:443
2021-12-02 19:44:32,264 urllib3.connectionpool - DEBUG:https://ttblaze.iifl.com:443 "GET /apimarketdata/instruments/instrument/optionSymbol?exchangeSegment=2&series=OPTIDX&symbol=NIFTY&expiryDate=09Dec2021&optionType=CE&strikePrice=18000 HTTP/1.1" 200 None
2021-12-02 19:44:32,264 urllib3.connectionpool - DEBUG:Starting new HTTPS connection (1): ttblaze.iifl.com:443
2021-12-02 19:44:32,342 urllib3.connectionpool - DEBUG:https://ttblaze.iifl.com:443 "POST /apimarketdata/instruments/quotes HTTP/1.1" 200 None
2021-12-02 19:44:32,435 urllib3.connectionpool - DEBUG:https://ttblaze.iifl.com:443 "POST /apimarketdata/instruments/quotes HTTP/1.1" 200 None
2021-12-02 19:44:33,692 urllib3.connectionpool - DEBUG:Starting new HTTPS connection (1): ttblaze.iifl.com:443
2021-12-02 19:44:33,819 urllib3.connectionpool - DEBUG:Starting new HTTPS connection (1): ttblaze.iifl.com:443
2021-12-02 19:44:33,854 urllib3.connectionpool - DEBUG:https://ttblaze.iifl.com:443 "GET /apimarketdata/instruments/instrument/optionSymbol?exchangeSegment=2&series=OPTIDX&symbol=NIFTY&expiryDate=09Dec2021&optionType=CE&strikePrice=18500 HTTP/1.1" 200 None
2021-12-02 19:44:33,980 urllib3.connectionpool - DEBUG:https://ttblaze.iifl.com:443 "GET /apimarketdata/instruments/instrument/optionSymbol?exchangeSegment=2&series=OPTIDX&symbol=NIFTY&expiryDate=09Dec2021&optionType=CE&strikePrice=18000 HTTP/1.1" 200 None
2021-12-02 19:44:37,351 urllib3.connectionpool - DEBUG:Starting new HTTPS connection (1): ttblaze.iifl.com:443
2021-12-02 19:44:37,461 urllib3.connectionpool - DEBUG:Starting new HTTPS connection (1): ttblaze.iifl.com:443
2021-12-02 19:44:37,632 urllib3.connectionpool - DEBUG:https://ttblaze.iifl.com:443 "GET /apimarketdata/instruments/instrument/optionSymbol?exchangeSegment=2&series=OPTIDX&symbol=NIFTY&expiryDate=09Dec2021&optionType=CE&strikePrice=18000 HTTP/1.1" 200 None
2021-12-02 19:44:37,648 urllib3.connectionpool - DEBUG:Starting new HTTPS connection (1): ttblaze.iifl.com:443
2021-12-02 19:44:37,711 urllib3.connectionpool - DEBUG:https://ttblaze.iifl.com:443 "GET /apimarketdata/instruments/instrument/optionSymbol?exchangeSegment=2&series=OPTIDX&symbol=NIFTY&expiryDate=09Dec2021&optionType=CE&strikePrice=18500 HTTP/1.1" 200 None
2021-12-02 19:44:37,711 urllib3.connectionpool - DEBUG:Starting new HTTPS connection (1): ttblaze.iifl.com:443
2021-12-02 19:44:37,773 urllib3.connectionpool - DEBUG:https://ttblaze.iifl.com:443 "POST /apimarketdata/instruments/quotes HTTP/1.1" 200 None
2021-12-02 19:44:37,835 urllib3.connectionpool - DEBUG:https://ttblaze.iifl.com:443 "POST /apimarketdata/instruments/quotes HTTP/1.1" 200 None
2021-12-02 19:44:38,865 urllib3.connectionpool - DEBUG:Starting new HTTPS connection (1): ttblaze.iifl.com:443
2021-12-02 19:44:38,990 urllib3.connectionpool - DEBUG:https://ttblaze.iifl.com:443 "GET /apimarketdata/instruments/instrument/optionSymbol?exchangeSegment=2&series=OPTIDX&symbol=NIFTY&expiryDate=09Dec2021&optionType=CE&strikePrice=18500 HTTP/1.1" 200 None
2021-12-02 19:44:38,990 urllib3.connectionpool - DEBUG:Starting new HTTPS connection (1): ttblaze.iifl.com:443
2021-12-02 19:44:39,131 urllib3.connectionpool - DEBUG:https://ttblaze.iifl.com:443 "GET /apimarketdata/instruments/instrument/optionSymbol?exchangeSegment=2&series=OPTIDX&symbol=NIFTY&expiryDate=09Dec2021&optionType=CE&strikePrice=18000 HTTP/1.1" 200 None
2021-12-02 19:44:42,795 urllib3.connectionpool - DEBUG:Starting new HTTPS connection (1): ttblaze.iifl.com:443
2021-12-02 19:44:42,852 urllib3.connectionpool - DEBUG:Starting new HTTPS connection (1): ttblaze.iifl.com:443
2021-12-02 19:44:42,984 urllib3.connectionpool - DEBUG:https://ttblaze.iifl.com:443 "GET /apimarketdata/instruments/instrument/optionSymbol?exchangeSegment=2&series=OPTIDX&symbol=NIFTY&expiryDate=09Dec2021&optionType=CE&strikePrice=18000 HTTP/1.1" 200 None
2021-12-02 19:44:42,988 urllib3.connectionpool - DEBUG:Starting new HTTPS connection (1): ttblaze.iifl.com:443
2021-12-02 19:44:43,001 urllib3.connectionpool - DEBUG:https://ttblaze.iifl.com:443 "GET /apimarketdata/instruments/instrument/optionSymbol?exchangeSegment=2&series=OPTIDX&symbol=NIFTY&expiryDate=09Dec2021&optionType=CE&strikePrice=18500 HTTP/1.1" 200 None
2021-12-02 19:44:43,005 urllib3.connectionpool - DEBUG:Starting new HTTPS connection (1): ttblaze.iifl.com:443
2021-12-02 19:44:43,137 urllib3.connectionpool - DEBUG:https://ttblaze.iifl.com:443 "POST /apimarketdata/instruments/quotes HTTP/1.1" 200 None
2021-12-02 19:44:43,171 urllib3.connectionpool - DEBUG:https://ttblaze.iifl.com:443 "POST /apimarketdata/instruments/quotes HTTP/1.1" 200 None
2021-12-02 19:44:44,004 urllib3.connectionpool - DEBUG:Starting new HTTPS connection (1): ttblaze.iifl.com:443
2021-12-02 19:44:44,157 urllib3.connectionpool - DEBUG:Starting new HTTPS connection (1): ttblaze.iifl.com:443
2021-12-02 19:44:44,157 urllib3.connectionpool - DEBUG:https://ttblaze.iifl.com:443 "GET /apimarketdata/instruments/instrument/optionSymbol?exchangeSegment=2&series=OPTIDX&symbol=NIFTY&expiryDate=09Dec2021&optionType=CE&strikePrice=18500 HTTP/1.1" 200 None
2021-12-02 19:44:44,297 urllib3.connectionpool - DEBUG:https://ttblaze.iifl.com:443 "GET /apimarketdata/instruments/instrument/optionSymbol?exchangeSegment=2&series=OPTIDX&symbol=NIFTY&expiryDate=09Dec2021&optionType=CE&strikePrice=18000 HTTP/1.1" 200 None
2021-12-02 19:44:48,143 urllib3.connectionpool - DEBUG:Starting new HTTPS connection (1): ttblaze.iifl.com:443
2021-12-02 19:44:48,175 urllib3.connectionpool - DEBUG:Starting new HTTPS connection (1): ttblaze.iifl.com:443
2021-12-02 19:44:48,284 urllib3.connectionpool - DEBUG:https://ttblaze.iifl.com:443 "GET /apimarketdata/instruments/instrument/optionSymbol?exchangeSegment=2&series=OPTIDX&symbol=NIFTY&expiryDate=09Dec2021&optionType=CE&strikePrice=18000 HTTP/1.1" 200 None
2021-12-02 19:44:48,284 urllib3.connectionpool - DEBUG:Starting new HTTPS connection (1): ttblaze.iifl.com:443
2021-12-02 19:44:48,315 urllib3.connectionpool - DEBUG:https://ttblaze.iifl.com:443 "GET /apimarketdata/instruments/instrument/optionSymbol?exchangeSegment=2&series=OPTIDX&symbol=NIFTY&expiryDate=09Dec2021&optionType=CE&strikePrice=18500 HTTP/1.1" 200 None
2021-12-02 19:44:48,315 urllib3.connectionpool - DEBUG:Starting new HTTPS connection (1): ttblaze.iifl.com:443
2021-12-02 19:44:48,425 urllib3.connectionpool - DEBUG:https://ttblaze.iifl.com:443 "POST /apimarketdata/instruments/quotes HTTP/1.1" 200 None
2021-12-02 19:44:48,441 urllib3.connectionpool - DEBUG:https://ttblaze.iifl.com:443 "POST /apimarketdata/instruments/quotes HTTP/1.1" 200 None
2021-12-02 19:44:49,184 urllib3.connectionpool - DEBUG:Starting new HTTPS connection (1): ttblaze.iifl.com:443
2021-12-02 19:44:49,324 urllib3.connectionpool - DEBUG:Starting new HTTPS connection (1): ttblaze.iifl.com:443
2021-12-02 19:44:49,324 urllib3.connectionpool - DEBUG:https://ttblaze.iifl.com:443 "GET /apimarketdata/instruments/instrument/optionSymbol?exchangeSegment=2&series=OPTIDX&symbol=NIFTY&expiryDate=09Dec2021&optionType=CE&strikePrice=18500 HTTP/1.1" 200 None
2021-12-02 19:44:49,512 urllib3.connectionpool - DEBUG:https://ttblaze.iifl.com:443 "GET /apimarketdata/instruments/instrument/optionSymbol?exchangeSegment=2&series=OPTIDX&symbol=NIFTY&expiryDate=09Dec2021&optionType=CE&strikePrice=18000 HTTP/1.1" 200 None
2021-12-02 19:44:53,441 urllib3.connectionpool - DEBUG:Starting new HTTPS connection (1): ttblaze.iifl.com:443
2021-12-02 19:44:53,457 urllib3.connectionpool - DEBUG:Starting new HTTPS connection (1): ttblaze.iifl.com:443
2021-12-02 19:44:53,566 urllib3.connectionpool - DEBUG:https://ttblaze.iifl.com:443 "GET /apimarketdata/instruments/instrument/optionSymbol?exchangeSegment=2&series=OPTIDX&symbol=NIFTY&expiryDate=09Dec2021&optionType=CE&strikePrice=18500 HTTP/1.1" 200 None
2021-12-02 19:44:53,566 urllib3.connectionpool - DEBUG:Starting new HTTPS connection (1): ttblaze.iifl.com:443
2021-12-02 19:44:53,597 urllib3.connectionpool - DEBUG:https://ttblaze.iifl.com:443 "GET /apimarketdata/instruments/instrument/optionSymbol?exchangeSegment=2&series=OPTIDX&symbol=NIFTY&expiryDate=09Dec2021&optionType=CE&strikePrice=18000 HTTP/1.1" 200 None
2021-12-02 19:44:53,613 urllib3.connectionpool - DEBUG:Starting new HTTPS connection (1): ttblaze.iifl.com:443
2021-12-02 19:44:53,707 urllib3.connectionpool - DEBUG:https://ttblaze.iifl.com:443 "POST /apimarketdata/instruments/quotes HTTP/1.1" 200 None
2021-12-02 19:44:53,738 urllib3.connectionpool - DEBUG:https://ttblaze.iifl.com:443 "POST /apimarketdata/instruments/quotes HTTP/1.1" 200 None
2021-12-02 19:44:54,342 urllib3.connectionpool - DEBUG:Starting new HTTPS connection (1): ttblaze.iifl.com:443
2021-12-02 19:44:54,483 urllib3.connectionpool - DEBUG:https://ttblaze.iifl.com:443 "GET /apimarketdata/instruments/instrument/optionSymbol?exchangeSegment=2&series=OPTIDX&symbol=NIFTY&expiryDate=09Dec2021&optionType=CE&strikePrice=18500 HTTP/1.1" 200 None
2021-12-02 19:44:54,530 urllib3.connectionpool - DEBUG:Starting new HTTPS connection (1): ttblaze.iifl.com:443
2021-12-02 19:44:54,649 urllib3.connectionpool - DEBUG:https://ttblaze.iifl.com:443 "GET /apimarketdata/instruments/instrument/optionSymbol?exchangeSegment=2&series=OPTIDX&symbol=NIFTY&expiryDate=09Dec2021&optionType=CE&strikePrice=18000 HTTP/1.1" 200 None
2021-12-02 19:44:58,731 urllib3.connectionpool - DEBUG:Starting new HTTPS connection (1): ttblaze.iifl.com:443
2021-12-02 19:44:58,747 urllib3.connectionpool - DEBUG:Starting new HTTPS connection (1): ttblaze.iifl.com:443
2021-12-02 19:44:58,966 urllib3.connectionpool - DEBUG:https://ttblaze.iifl.com:443 "GET /apimarketdata/instruments/instrument/optionSymbol?exchangeSegment=2&series=OPTIDX&symbol=NIFTY&expiryDate=09Dec2021&optionType=CE&strikePrice=18500 HTTP/1.1" 200 None
2021-12-02 19:44:58,966 urllib3.connectionpool - DEBUG:Starting new HTTPS connection (1): ttblaze.iifl.com:443
2021-12-02 19:44:58,997 urllib3.connectionpool - DEBUG:https://ttblaze.iifl.com:443 "GET /apimarketdata/instruments/instrument/optionSymbol?exchangeSegment=2&series=OPTIDX&symbol=NIFTY&expiryDate=09Dec2021&optionType=CE&strikePrice=18000 HTTP/1.1" 200 None
2021-12-02 19:44:58,997 urllib3.connectionpool - DEBUG:Starting new HTTPS connection (1): ttblaze.iifl.com:443
2021-12-02 19:44:59,090 urllib3.connectionpool - DEBUG:https://ttblaze.iifl.com:443 "POST /apimarketdata/instruments/quotes HTTP/1.1" 200 None
2021-12-02 19:44:59,106 urllib3.connectionpool - DEBUG:https://ttblaze.iifl.com:443 "POST /apimarketdata/instruments/quotes HTTP/1.1" 200 None
2021-12-02 19:44:59,497 urllib3.connectionpool - DEBUG:Starting new HTTPS connection (1): ttblaze.iifl.com:443
2021-12-02 19:44:59,638 urllib3.connectionpool - DEBUG:https://ttblaze.iifl.com:443 "GET /apimarketdata/instruments/instrument/optionSymbol?exchangeSegment=2&series=OPTIDX&symbol=NIFTY&expiryDate=09Dec2021&optionType=CE&strikePrice=18500 HTTP/1.1" 200 None
2021-12-02 19:44:59,653 urllib3.connectionpool - DEBUG:Starting new HTTPS connection (1): ttblaze.iifl.com:443
2021-12-02 19:44:59,856 urllib3.connectionpool - DEBUG:https://ttblaze.iifl.com:443 "GET /apimarketdata/instruments/instrument/optionSymbol?exchangeSegment=2&series=OPTIDX&symbol=NIFTY&expiryDate=09Dec2021&optionType=CE&strikePrice=18000 HTTP/1.1" 200 None
2021-12-02 19:45:04,113 urllib3.connectionpool - DEBUG:Starting new HTTPS connection (1): ttblaze.iifl.com:443
2021-12-02 19:45:04,127 urllib3.connectionpool - DEBUG:Starting new HTTPS connection (1): ttblaze.iifl.com:443
2021-12-02 19:45:04,335 urllib3.connectionpool - DEBUG:https://ttblaze.iifl.com:443 "GET /apimarketdata/instruments/instrument/optionSymbol?exchangeSegment=2&series=OPTIDX&symbol=NIFTY&expiryDate=09Dec2021&optionType=CE&strikePrice=18000 HTTP/1.1" 200 None
2021-12-02 19:45:04,339 urllib3.connectionpool - DEBUG:Starting new HTTPS connection (1): ttblaze.iifl.com:443
2021-12-02 19:45:04,361 urllib3.connectionpool - DEBUG:https://ttblaze.iifl.com:443 "GET /apimarketdata/instruments/instrument/optionSymbol?exchangeSegment=2&series=OPTIDX&symbol=NIFTY&expiryDate=09Dec2021&optionType=CE&strikePrice=18500 HTTP/1.1" 200 None
2021-12-02 19:45:04,365 urllib3.connectionpool - DEBUG:Starting new HTTPS connection (1): ttblaze.iifl.com:443
2021-12-02 19:45:04,515 urllib3.connectionpool - DEBUG:https://ttblaze.iifl.com:443 "POST /apimarketdata/instruments/quotes HTTP/1.1" 200 None
2021-12-02 19:45:04,545 urllib3.connectionpool - DEBUG:https://ttblaze.iifl.com:443 "POST /apimarketdata/instruments/quotes HTTP/1.1" 200 None
2021-12-02 19:45:04,661 urllib3.connectionpool - DEBUG:Starting new HTTPS connection (1): ttblaze.iifl.com:443
2021-12-02 19:45:04,773 urllib3.connectionpool - DEBUG:https://ttblaze.iifl.com:443 "GET /apimarketdata/instruments/instrument/optionSymbol?exchangeSegment=2&series=OPTIDX&symbol=NIFTY&expiryDate=09Dec2021&optionType=CE&strikePrice=18500 HTTP/1.1" 200 None
2021-12-02 19:45:04,878 urllib3.connectionpool - DEBUG:Starting new HTTPS connection (1): ttblaze.iifl.com:443
2021-12-02 19:45:04,989 urllib3.connectionpool - DEBUG:https://ttblaze.iifl.com:443 "GET /apimarketdata/instruments/instrument/optionSymbol?exchangeSegment=2&series=OPTIDX&symbol=NIFTY&expiryDate=09Dec2021&optionType=CE&strikePrice=18000 HTTP/1.1" 200 None
2021-12-02 19:45:09,520 urllib3.connectionpool - DEBUG:Starting new HTTPS connection (1): ttblaze.iifl.com:443
2021-12-02 19:45:09,551 urllib3.connectionpool - DEBUG:Starting new HTTPS connection (1): ttblaze.iifl.com:443
2021-12-02 19:45:09,660 urllib3.connectionpool - DEBUG:https://ttblaze.iifl.com:443 "GET /apimarketdata/instruments/instrument/optionSymbol?exchangeSegment=2&series=OPTIDX&symbol=NIFTY&expiryDate=09Dec2021&optionType=CE&strikePrice=18000 HTTP/1.1" 200 None
2021-12-02 19:45:09,660 urllib3.connectionpool - DEBUG:Starting new HTTPS connection (1): ttblaze.iifl.com:443
2021-12-02 19:45:09,692 urllib3.connectionpool - DEBUG:https://ttblaze.iifl.com:443 "GET /apimarketdata/instruments/instrument/optionSymbol?exchangeSegment=2&series=OPTIDX&symbol=NIFTY&expiryDate=09Dec2021&optionType=CE&strikePrice=18500 HTTP/1.1" 200 None
2021-12-02 19:45:09,707 urllib3.connectionpool - DEBUG:Starting new HTTPS connection (1): ttblaze.iifl.com:443
2021-12-02 19:45:09,770 urllib3.connectionpool - DEBUG:https://ttblaze.iifl.com:443 "POST /apimarketdata/instruments/quotes HTTP/1.1" 200 None
2021-12-02 19:45:09,786 urllib3.connectionpool - DEBUG:Starting new HTTPS connection (1): ttblaze.iifl.com:443
2021-12-02 19:45:09,817 urllib3.connectionpool - DEBUG:https://ttblaze.iifl.com:443 "POST /apimarketdata/instruments/quotes HTTP/1.1" 200 None
2021-12-02 19:45:09,942 urllib3.connectionpool - DEBUG:https://ttblaze.iifl.com:443 "GET /apimarketdata/instruments/instrument/optionSymbol?exchangeSegment=2&series=OPTIDX&symbol=NIFTY&expiryDate=09Dec2021&optionType=CE&strikePrice=18500 HTTP/1.1" 200 None
2021-12-02 19:45:09,995 urllib3.connectionpool - DEBUG:Starting new HTTPS connection (1): ttblaze.iifl.com:443
2021-12-02 19:45:10,105 urllib3.connectionpool - DEBUG:https://ttblaze.iifl.com:443 "GET /apimarketdata/instruments/instrument/optionSymbol?exchangeSegment=2&series=OPTIDX&symbol=NIFTY&expiryDate=09Dec2021&optionType=CE&strikePrice=18000 HTTP/1.1" 200 None
2021-12-02 19:45:14,790 urllib3.connectionpool - DEBUG:Starting new HTTPS connection (1): ttblaze.iifl.com:443
2021-12-02 19:45:14,837 urllib3.connectionpool - DEBUG:Starting new HTTPS connection (1): ttblaze.iifl.com:443
2021-12-02 19:45:14,946 urllib3.connectionpool - DEBUG:https://ttblaze.iifl.com:443 "GET /apimarketdata/instruments/instrument/optionSymbol?exchangeSegment=2&series=OPTIDX&symbol=NIFTY&expiryDate=09Dec2021&optionType=CE&strikePrice=18000 HTTP/1.1" 200 None
2021-12-02 19:45:14,946 urllib3.connectionpool - DEBUG:Starting new HTTPS connection (1): ttblaze.iifl.com:443
2021-12-02 19:45:14,962 urllib3.connectionpool - DEBUG:Starting new HTTPS connection (1): ttblaze.iifl.com:443
2021-12-02 19:45:14,978 urllib3.connectionpool - DEBUG:https://ttblaze.iifl.com:443 "GET /apimarketdata/instruments/instrument/optionSymbol?exchangeSegment=2&series=OPTIDX&symbol=NIFTY&expiryDate=09Dec2021&optionType=CE&strikePrice=18500 HTTP/1.1" 200 None
2021-12-02 19:45:14,978 urllib3.connectionpool - DEBUG:Starting new HTTPS connection (1): ttblaze.iifl.com:443
2021-12-02 19:45:15,071 urllib3.connectionpool - DEBUG:https://ttblaze.iifl.com:443 "POST /apimarketdata/instruments/quotes HTTP/1.1" 200 None
2021-12-02 19:45:15,118 urllib3.connectionpool - DEBUG:Starting new HTTPS connection (1): ttblaze.iifl.com:443
2021-12-02 19:45:15,134 urllib3.connectionpool - DEBUG:https://ttblaze.iifl.com:443 "GET /apimarketdata/instruments/instrument/optionSymbol?exchangeSegment=2&series=OPTIDX&symbol=NIFTY&expiryDate=09Dec2021&optionType=CE&strikePrice=18500 HTTP/1.1" 200 None
2021-12-02 19:45:15,149 urllib3.connectionpool - DEBUG:https://ttblaze.iifl.com:443 "POST /apimarketdata/instruments/quotes HTTP/1.1" 200 None
2021-12-02 19:45:15,275 urllib3.connectionpool - DEBUG:https://ttblaze.iifl.com:443 "GET /apimarketdata/instruments/instrument/optionSymbol?exchangeSegment=2&series=OPTIDX&symbol=NIFTY&expiryDate=09Dec2021&optionType=CE&strikePrice=18000 HTTP/1.1" 200 None
2021-12-02 19:45:20,100 urllib3.connectionpool - DEBUG:Starting new HTTPS connection (1): ttblaze.iifl.com:443
2021-12-02 19:45:20,163 urllib3.connectionpool - DEBUG:Starting new HTTPS connection (1): ttblaze.iifl.com:443
2021-12-02 19:45:20,163 urllib3.connectionpool - DEBUG:Starting new HTTPS connection (1): ttblaze.iifl.com:443
2021-12-02 19:45:20,257 urllib3.connectionpool - DEBUG:https://ttblaze.iifl.com:443 "GET /apimarketdata/instruments/instrument/optionSymbol?exchangeSegment=2&series=OPTIDX&symbol=NIFTY&expiryDate=09Dec2021&optionType=CE&strikePrice=18000 HTTP/1.1" 200 None
2021-12-02 19:45:20,257 urllib3.connectionpool - DEBUG:Starting new HTTPS connection (1): ttblaze.iifl.com:443
2021-12-02 19:45:20,288 urllib3.connectionpool - DEBUG:Starting new HTTPS connection (1): ttblaze.iifl.com:443
2021-12-02 19:45:20,329 urllib3.connectionpool - DEBUG:https://ttblaze.iifl.com:443 "GET /apimarketdata/instruments/instrument/optionSymbol?exchangeSegment=2&series=OPTIDX&symbol=NIFTY&expiryDate=09Dec2021&optionType=CE&strikePrice=18500 HTTP/1.1" 200 None
2021-12-02 19:45:20,344 urllib3.connectionpool - DEBUG:Starting new HTTPS connection (1): ttblaze.iifl.com:443
2021-12-02 19:45:20,344 urllib3.connectionpool - DEBUG:https://ttblaze.iifl.com:443 "GET /apimarketdata/instruments/instrument/optionSymbol?exchangeSegment=2&series=OPTIDX&symbol=NIFTY&expiryDate=09Dec2021&optionType=CE&strikePrice=18500 HTTP/1.1" 200 None
2021-12-02 19:45:20,360 urllib3.connectionpool - DEBUG:https://ttblaze.iifl.com:443 "POST /apimarketdata/instruments/quotes HTTP/1.1" 200 None
2021-12-02 19:45:20,438 urllib3.connectionpool - DEBUG:https://ttblaze.iifl.com:443 "GET /apimarketdata/instruments/instrument/optionSymbol?exchangeSegment=2&series=OPTIDX&symbol=NIFTY&expiryDate=09Dec2021&optionType=CE&strikePrice=18000 HTTP/1.1" 200 None
2021-12-02 19:45:20,454 urllib3.connectionpool - DEBUG:https://ttblaze.iifl.com:443 "POST /apimarketdata/instruments/quotes HTTP/1.1" 200 None
2021-12-02 19:45:25,363 urllib3.connectionpool - DEBUG:Starting new HTTPS connection (1): ttblaze.iifl.com:443
2021-12-02 19:45:25,379 urllib3.connectionpool - DEBUG:Starting new HTTPS connection (1): ttblaze.iifl.com:443
2021-12-02 19:45:25,457 urllib3.connectionpool - DEBUG:Starting new HTTPS connection (1): ttblaze.iifl.com:443
2021-12-02 19:45:25,472 urllib3.connectionpool - DEBUG:Starting new HTTPS connection (1): ttblaze.iifl.com:443
2021-12-02 19:45:25,519 urllib3.connectionpool - DEBUG:https://ttblaze.iifl.com:443 "GET /apimarketdata/instruments/instrument/optionSymbol?exchangeSegment=2&series=OPTIDX&symbol=NIFTY&expiryDate=09Dec2021&optionType=CE&strikePrice=18500 HTTP/1.1" 200 None
2021-12-02 19:45:25,551 urllib3.connectionpool - DEBUG:https://ttblaze.iifl.com:443 "GET /apimarketdata/instruments/instrument/optionSymbol?exchangeSegment=2&series=OPTIDX&symbol=NIFTY&expiryDate=09Dec2021&optionType=CE&strikePrice=18000 HTTP/1.1" 200 None
2021-12-02 19:45:25,551 urllib3.connectionpool - DEBUG:Starting new HTTPS connection (1): ttblaze.iifl.com:443
2021-12-02 19:45:25,582 urllib3.connectionpool - DEBUG:https://ttblaze.iifl.com:443 "GET /apimarketdata/instruments/instrument/optionSymbol?exchangeSegment=2&series=OPTIDX&symbol=NIFTY&expiryDate=09Dec2021&optionType=CE&strikePrice=18000 HTTP/1.1" 200 None
2021-12-02 19:45:25,644 urllib3.connectionpool - DEBUG:https://ttblaze.iifl.com:443 "POST /apimarketdata/instruments/quotes HTTP/1.1" 200 None
2021-12-02 19:45:25,644 urllib3.connectionpool - DEBUG:https://ttblaze.iifl.com:443 "GET /apimarketdata/instruments/instrument/optionSymbol?exchangeSegment=2&series=OPTIDX&symbol=NIFTY&expiryDate=09Dec2021&optionType=CE&strikePrice=18500 HTTP/1.1" 200 None
2021-12-02 19:45:25,644 urllib3.connectionpool - DEBUG:Starting new HTTPS connection (1): ttblaze.iifl.com:443
2021-12-02 19:45:25,816 urllib3.connectionpool - DEBUG:https://ttblaze.iifl.com:443 "POST /apimarketdata/instruments/quotes HTTP/1.1" 200 None
2021-12-02 19:45:30,541 urllib3.connectionpool - DEBUG:Starting new HTTPS connection (1): ttblaze.iifl.com:443
2021-12-02 19:45:30,603 urllib3.connectionpool - DEBUG:Starting new HTTPS connection (1): ttblaze.iifl.com:443
2021-12-02 19:45:30,666 urllib3.connectionpool - DEBUG:Starting new HTTPS connection (1): ttblaze.iifl.com:443
2021-12-02 19:45:30,666 urllib3.connectionpool - DEBUG:https://ttblaze.iifl.com:443 "GET /apimarketdata/instruments/instrument/optionSymbol?exchangeSegment=2&series=OPTIDX&symbol=NIFTY&expiryDate=09Dec2021&optionType=CE&strikePrice=18500 HTTP/1.1" 200 None
2021-12-02 19:45:30,713 urllib3.connectionpool - DEBUG:https://ttblaze.iifl.com:443 "GET /apimarketdata/instruments/instrument/optionSymbol?exchangeSegment=2&series=OPTIDX&symbol=NIFTY&expiryDate=09Dec2021&optionType=CE&strikePrice=18000 HTTP/1.1" 200 None
2021-12-02 19:45:30,823 urllib3.connectionpool - DEBUG:Starting new HTTPS connection (1): ttblaze.iifl.com:443
2021-12-02 19:45:30,823 urllib3.connectionpool - DEBUG:https://ttblaze.iifl.com:443 "GET /apimarketdata/instruments/instrument/optionSymbol?exchangeSegment=2&series=OPTIDX&symbol=NIFTY&expiryDate=09Dec2021&optionType=CE&strikePrice=18000 HTTP/1.1" 200 None
2021-12-02 19:45:30,832 urllib3.connectionpool - DEBUG:Starting new HTTPS connection (1): ttblaze.iifl.com:443
2021-12-02 19:45:30,954 urllib3.connectionpool - DEBUG:https://ttblaze.iifl.com:443 "GET /apimarketdata/instruments/instrument/optionSymbol?exchangeSegment=2&series=OPTIDX&symbol=NIFTY&expiryDate=09Dec2021&optionType=CE&strikePrice=18500 HTTP/1.1" 200 None
2021-12-02 19:45:30,954 urllib3.connectionpool - DEBUG:Starting new HTTPS connection (1): ttblaze.iifl.com:443
2021-12-02 19:45:30,954 urllib3.connectionpool - DEBUG:https://ttblaze.iifl.com:443 "POST /apimarketdata/instruments/quotes HTTP/1.1" 200 None
2021-12-02 19:45:31,102 urllib3.connectionpool - DEBUG:https://ttblaze.iifl.com:443 "POST /apimarketdata/instruments/quotes HTTP/1.1" 200 None
2021-12-02 19:45:35,686 urllib3.connectionpool - DEBUG:Starting new HTTPS connection (1): ttblaze.iifl.com:443
2021-12-02 19:45:35,733 urllib3.connectionpool - DEBUG:Starting new HTTPS connection (1): ttblaze.iifl.com:443
2021-12-02 19:45:35,842 urllib3.connectionpool - DEBUG:https://ttblaze.iifl.com:443 "GET /apimarketdata/instruments/instrument/optionSymbol?exchangeSegment=2&series=OPTIDX&symbol=NIFTY&expiryDate=09Dec2021&optionType=CE&strikePrice=18500 HTTP/1.1" 200 None
2021-12-02 19:45:35,889 urllib3.connectionpool - DEBUG:https://ttblaze.iifl.com:443 "GET /apimarketdata/instruments/instrument/optionSymbol?exchangeSegment=2&series=OPTIDX&symbol=NIFTY&expiryDate=09Dec2021&optionType=CE&strikePrice=18000 HTTP/1.1" 200 None
2021-12-02 19:45:35,983 urllib3.connectionpool - DEBUG:Starting new HTTPS connection (1): ttblaze.iifl.com:443
2021-12-02 19:45:36,124 urllib3.connectionpool - DEBUG:Starting new HTTPS connection (1): ttblaze.iifl.com:443
2021-12-02 19:45:36,124 urllib3.connectionpool - DEBUG:https://ttblaze.iifl.com:443 "GET /apimarketdata/instruments/instrument/optionSymbol?exchangeSegment=2&series=OPTIDX&symbol=NIFTY&expiryDate=09Dec2021&optionType=CE&strikePrice=18000 HTTP/1.1" 200 None
2021-12-02 19:45:36,124 urllib3.connectionpool - DEBUG:Starting new HTTPS connection (1): ttblaze.iifl.com:443
2021-12-02 19:45:36,233 urllib3.connectionpool - DEBUG:https://ttblaze.iifl.com:443 "POST /apimarketdata/instruments/quotes HTTP/1.1" 200 None
2021-12-02 19:45:36,233 urllib3.connectionpool - DEBUG:https://ttblaze.iifl.com:443 "GET /apimarketdata/instruments/instrument/optionSymbol?exchangeSegment=2&series=OPTIDX&symbol=NIFTY&expiryDate=09Dec2021&optionType=CE&strikePrice=18500 HTTP/1.1" 200 None
2021-12-02 19:45:36,248 urllib3.connectionpool - DEBUG:Starting new HTTPS connection (1): ttblaze.iifl.com:443
2021-12-02 19:45:36,358 urllib3.connectionpool - DEBUG:https://ttblaze.iifl.com:443 "POST /apimarketdata/instruments/quotes HTTP/1.1" 200 None
2021-12-02 19:45:40,863 urllib3.connectionpool - DEBUG:Starting new HTTPS connection (1): ttblaze.iifl.com:443
2021-12-02 19:45:40,909 urllib3.connectionpool - DEBUG:Starting new HTTPS connection (1): ttblaze.iifl.com:443
2021-12-02 19:45:40,988 urllib3.connectionpool - DEBUG:https://ttblaze.iifl.com:443 "GET /apimarketdata/instruments/instrument/optionSymbol?exchangeSegment=2&series=OPTIDX&symbol=NIFTY&expiryDate=09Dec2021&optionType=CE&strikePrice=18500 HTTP/1.1" 200 None
2021-12-02 19:45:41,034 urllib3.connectionpool - DEBUG:https://ttblaze.iifl.com:443 "GET /apimarketdata/instruments/instrument/optionSymbol?exchangeSegment=2&series=OPTIDX&symbol=NIFTY&expiryDate=09Dec2021&optionType=CE&strikePrice=18000 HTTP/1.1" 200 None
2021-12-02 19:45:41,253 urllib3.connectionpool - DEBUG:Starting new HTTPS connection (1): ttblaze.iifl.com:443
2021-12-02 19:45:41,378 urllib3.connectionpool - DEBUG:Starting new HTTPS connection (1): ttblaze.iifl.com:443
2021-12-02 19:45:41,440 urllib3.connectionpool - DEBUG:https://ttblaze.iifl.com:443 "GET /apimarketdata/instruments/instrument/optionSymbol?exchangeSegment=2&series=OPTIDX&symbol=NIFTY&expiryDate=09Dec2021&optionType=CE&strikePrice=18000 HTTP/1.1" 200 None
2021-12-02 19:45:41,440 urllib3.connectionpool - DEBUG:Starting new HTTPS connection (1): ttblaze.iifl.com:443
2021-12-02 19:45:41,613 urllib3.connectionpool - DEBUG:https://ttblaze.iifl.com:443 "POST /apimarketdata/instruments/quotes HTTP/1.1" 200 None
2021-12-02 19:45:41,613 urllib3.connectionpool - DEBUG:https://ttblaze.iifl.com:443 "GET /apimarketdata/instruments/instrument/optionSymbol?exchangeSegment=2&series=OPTIDX&symbol=NIFTY&expiryDate=09Dec2021&optionType=CE&strikePrice=18500 HTTP/1.1" 200 None
2021-12-02 19:45:41,628 urllib3.connectionpool - DEBUG:Starting new HTTPS connection (1): ttblaze.iifl.com:443
2021-12-02 19:45:41,774 urllib3.connectionpool - DEBUG:https://ttblaze.iifl.com:443 "POST /apimarketdata/instruments/quotes HTTP/1.1" 200 None
2021-12-02 19:45:46,006 urllib3.connectionpool - DEBUG:Starting new HTTPS connection (1): ttblaze.iifl.com:443
2021-12-02 19:45:46,052 urllib3.connectionpool - DEBUG:Starting new HTTPS connection (1): ttblaze.iifl.com:443
2021-12-02 19:45:46,162 urllib3.connectionpool - DEBUG:https://ttblaze.iifl.com:443 "GET /apimarketdata/instruments/instrument/optionSymbol?exchangeSegment=2&series=OPTIDX&symbol=NIFTY&expiryDate=09Dec2021&optionType=CE&strikePrice=18500 HTTP/1.1" 200 None
2021-12-02 19:45:46,162 urllib3.connectionpool - DEBUG:https://ttblaze.iifl.com:443 "GET /apimarketdata/instruments/instrument/optionSymbol?exchangeSegment=2&series=OPTIDX&symbol=NIFTY&expiryDate=09Dec2021&optionType=CE&strikePrice=18000 HTTP/1.1" 200 None
2021-12-02 19:45:46,631 urllib3.connectionpool - DEBUG:Starting new HTTPS connection (1): ttblaze.iifl.com:443
2021-12-02 19:45:46,787 urllib3.connectionpool - DEBUG:Starting new HTTPS connection (1): ttblaze.iifl.com:443
2021-12-02 19:45:46,787 urllib3.connectionpool - DEBUG:https://ttblaze.iifl.com:443 "GET /apimarketdata/instruments/instrument/optionSymbol?exchangeSegment=2&series=OPTIDX&symbol=NIFTY&expiryDate=09Dec2021&optionType=CE&strikePrice=18000 HTTP/1.1" 200 None
2021-12-02 19:45:46,787 urllib3.connectionpool - DEBUG:Starting new HTTPS connection (1): ttblaze.iifl.com:443
2021-12-02 19:45:46,937 urllib3.connectionpool - DEBUG:https://ttblaze.iifl.com:443 "GET /apimarketdata/instruments/instrument/optionSymbol?exchangeSegment=2&series=OPTIDX&symbol=NIFTY&expiryDate=09Dec2021&optionType=CE&strikePrice=18500 HTTP/1.1" 200 None
2021-12-02 19:45:46,937 urllib3.connectionpool - DEBUG:https://ttblaze.iifl.com:443 "POST /apimarketdata/instruments/quotes HTTP/1.1" 200 None
2021-12-02 19:45:46,937 urllib3.connectionpool - DEBUG:Starting new HTTPS connection (1): ttblaze.iifl.com:443
2021-12-02 19:45:47,030 urllib3.connectionpool - DEBUG:https://ttblaze.iifl.com:443 "POST /apimarketdata/instruments/quotes HTTP/1.1" 200 None
